2017/05/12 19:50:14 INFO  - jmeter.util.JMeterUtils: Setting Locale to da_DK 
2017/05/12 19:50:14 ERROR - jmeter.util.JMeterUtils: Could not find resources for 'da_DK' 
2017/05/12 19:50:14 INFO  - jmeter.JMeter: Loading system properties from: C:\Users\user\eclipse\softDevExam\target\jmeter\bin\system.properties 
2017/05/12 19:50:14 INFO  - jmeter.JMeter: Copyright (c) 1998-2016 The Apache Software Foundation 
2017/05/12 19:50:14 INFO  - jmeter.JMeter: Version 3.1 r1770033 
2017/05/12 19:50:14 INFO  - jmeter.JMeter: java.version=1.8.0_91 
2017/05/12 19:50:14 INFO  - jmeter.JMeter: java.vm.name=Java HotSpot(TM) 64-Bit Server VM 
2017/05/12 19:50:14 INFO  - jmeter.JMeter: os.name=Windows 10 
2017/05/12 19:50:14 INFO  - jmeter.JMeter: os.arch=amd64 
2017/05/12 19:50:14 INFO  - jmeter.JMeter: os.version=10.0 
2017/05/12 19:50:14 INFO  - jmeter.JMeter: file.encoding=Cp1252 
2017/05/12 19:50:14 INFO  - jmeter.JMeter: Max memory     =514850816 
2017/05/12 19:50:14 INFO  - jmeter.JMeter: Available Processors =8 
2017/05/12 19:50:14 INFO  - jmeter.JMeter: Default Locale=Dansk (Danmark) 
2017/05/12 19:50:14 INFO  - jmeter.JMeter: JMeter  Locale=Dansk (Danmark) 
2017/05/12 19:50:14 INFO  - jmeter.JMeter: JMeterHome=C:\Users\user\eclipse\softDevExam\target\jmeter 
2017/05/12 19:50:14 INFO  - jmeter.JMeter: user.dir  =C:\Users\user\eclipse\softDevExam\target\jmeter\bin 
2017/05/12 19:50:14 INFO  - jmeter.JMeter: PWD       =C:\Users\user\eclipse\softDevExam\target\jmeter\bin 
2017/05/12 19:50:19 INFO  - jmeter.JMeter: IP: 192.168.56.1 Name: asus FullName: asus 
2017/05/12 19:50:19 INFO  - jmeter.services.FileServer: Default base='C:\Users\user\eclipse\softDevExam\target\jmeter\bin' 
2017/05/12 19:50:19 INFO  - jmeter.services.FileServer: Set new base='C:\Users\user\eclipse\softDevExam\target\jmeter\testFiles' 
2017/05/12 19:50:19 INFO  - jmeter.save.SaveService: Testplan (JMX) version: 2.2. Testlog (JTL) version: 2.2 
2017/05/12 19:50:19 INFO  - jmeter.save.SaveService: Using SaveService properties file encoding UTF-8 
2017/05/12 19:50:19 INFO  - jmeter.save.SaveService: Using SaveService properties version 3.1 
2017/05/12 19:50:19 INFO  - jmeter.save.SaveService: All converter versions present and correct 
2017/05/12 19:50:19 INFO  - jmeter.save.SaveService: Loading file: C:\Users\user\eclipse\softDevExam\target\jmeter\testFiles\SoftDev_Create.jmx 
2017/05/12 19:50:19 INFO  - jmeter.protocol.http.control.CacheManager: Will only cache the following methods: [GET] 
2017/05/12 19:50:19 INFO  - jmeter.protocol.http.control.CookieManager: Settings: Delete null: true Check: true Allow variable: true Save: false Prefix: COOKIE_ 
2017/05/12 19:50:19 INFO  - jmeter.protocol.http.sampler.HTTPSamplerBase: Parser for text/html is org.apache.jmeter.protocol.http.parser.LagartoBasedHtmlParser 
2017/05/12 19:50:19 INFO  - jmeter.protocol.http.sampler.HTTPSamplerBase: Parser for application/xhtml+xml is org.apache.jmeter.protocol.http.parser.LagartoBasedHtmlParser 
2017/05/12 19:50:19 INFO  - jmeter.protocol.http.sampler.HTTPSamplerBase: Parser for application/xml is org.apache.jmeter.protocol.http.parser.LagartoBasedHtmlParser 
2017/05/12 19:50:19 INFO  - jmeter.protocol.http.sampler.HTTPSamplerBase: Parser for text/xml is org.apache.jmeter.protocol.http.parser.LagartoBasedHtmlParser 
2017/05/12 19:50:19 INFO  - jmeter.protocol.http.sampler.HTTPSamplerBase: Parser for text/vnd.wap.wml is org.apache.jmeter.protocol.http.parser.RegexpHTMLParser 
2017/05/12 19:50:19 INFO  - jmeter.protocol.http.sampler.HTTPSamplerBase: Parser for text/css is org.apache.jmeter.protocol.http.parser.CssParser 
2017/05/12 19:50:19 ERROR - jmeter.JMeter: Error in NonGUIDriver java.lang.IllegalArgumentException: Problem loading XML from:'C:\Users\user\eclipse\softDevExam\target\jmeter\testFiles\SoftDev_Create.jmx', missing class com.thoughtworks.xstream.converters.ConversionException: 
---- Debugging information ----
cause-exception     : com.thoughtworks.xstream.converters.ConversionException
cause-message       : 
first-jmeter-class  : org.apache.jmeter.save.converters.HashTreeConverter.unmarshal(HashTreeConverter.java:67)
class               : org.apache.jmeter.save.ScriptWrapper
required-type       : org.apache.jorphan.collections.ListedHashTree
converter-type      : org.apache.jmeter.save.ScriptWrapperConverter
path                : /jmeterTestPlan/hashTree/hashTree/hashTree/kg.apc.jmeter.vizualizers.CorrectedResultCollector
line number         : 144
version             : 3.1 r1770033
-------------------------------
	at org.apache.jmeter.save.SaveService.readTree(SaveService.java:537)
	at org.apache.jmeter.save.SaveService.loadTree(SaveService.java:505)
	at org.apache.jmeter.JMeter.runNonGui(JMeter.java:892)
	at org.apache.jmeter.JMeter.startNonGui(JMeter.java:879)
	at org.apache.jmeter.JMeter.start(JMeter.java:504)
	at sun.reflect.NativeMethodAccessorImpl.invoke0(Native Method)
	at sun.reflect.NativeMethodAccessorImpl.invoke(NativeMethodAccessorImpl.java:62)
	at sun.reflect.DelegatingMethodAccessorImpl.invoke(DelegatingMethodAccessorImpl.java:43)
	at java.lang.reflect.Method.invoke(Method.java:498)
	at org.apache.jmeter.NewDriver.main(NewDriver.java:259)
Caused by: com.thoughtworks.xstream.converters.ConversionException: 
---- Debugging information ----
cause-exception     : com.thoughtworks.xstream.converters.ConversionException
cause-message       : 
first-jmeter-class  : org.apache.jmeter.save.converters.HashTreeConverter.unmarshal(HashTreeConverter.java:67)
class               : org.apache.jmeter.save.ScriptWrapper
required-type       : org.apache.jorphan.collections.ListedHashTree
converter-type      : org.apache.jmeter.save.ScriptWrapperConverter
path                : /jmeterTestPlan/hashTree/hashTree/hashTree/kg.apc.jmeter.vizualizers.CorrectedResultCollector
line number         : 144
version             : 3.1 r1770033
-------------------------------
	at org.apache.jmeter.save.ScriptWrapperConverter.createConversionException(ScriptWrapperConverter.java:103)
	at org.apache.jmeter.save.ScriptWrapperConverter.unmarshal(ScriptWrapperConverter.java:97)
	at com.thoughtworks.xstream.core.TreeUnmarshaller.convert(TreeUnmarshaller.java:72)
	at com.thoughtworks.xstream.core.AbstractReferenceUnmarshaller.convert(AbstractReferenceUnmarshaller.java:70)
	at com.thoughtworks.xstream.core.TreeUnmarshaller.convertAnother(TreeUnmarshaller.java:66)
	at com.thoughtworks.xstream.core.TreeUnmarshaller.convertAnother(TreeUnmarshaller.java:50)
	at com.thoughtworks.xstream.core.TreeUnmarshaller.start(TreeUnmarshaller.java:134)
	at com.thoughtworks.xstream.core.AbstractTreeMarshallingStrategy.unmarshal(AbstractTreeMarshallingStrategy.java:32)
	at com.thoughtworks.xstream.XStream.unmarshal(XStream.java:1230)
	at com.thoughtworks.xstream.XStream.unmarshal(XStream.java:1214)
	at com.thoughtworks.xstream.XStream.fromXML(XStream.java:1085)
	at org.apache.jmeter.save.SaveService.readTree(SaveService.java:522)
	... 9 more
Caused by: com.thoughtworks.xstream.converters.ConversionException: 
---- Debugging information ----
cause-exception     : com.thoughtworks.xstream.mapper.CannotResolveClassException
cause-message       : kg.apc.jmeter.vizualizers.CorrectedResultCollector
class               : org.apache.jorphan.collections.ListedHashTree
required-type       : org.apache.jorphan.collections.ListedHashTree
converter-type      : org.apache.jmeter.save.converters.HashTreeConverter
path                : /jmeterTestPlan/hashTree/hashTree/hashTree/kg.apc.jmeter.vizualizers.CorrectedResultCollector
line number         : 144
-------------------------------
	at com.thoughtworks.xstream.core.TreeUnmarshaller.convert(TreeUnmarshaller.java:79)
	at com.thoughtworks.xstream.core.AbstractReferenceUnmarshaller.convert(AbstractReferenceUnmarshaller.java:70)
	at com.thoughtworks.xstream.core.TreeUnmarshaller.convertAnother(TreeUnmarshaller.java:66)
	at com.thoughtworks.xstream.core.TreeUnmarshaller.convertAnother(TreeUnmarshaller.java:50)
	at com.thoughtworks.xstream.converters.collections.AbstractCollectionConverter.readItem(AbstractCollectionConverter.java:73)
	at org.apache.jmeter.save.converters.HashTreeConverter.unmarshal(HashTreeConverter.java:67)
	at com.thoughtworks.xstream.core.TreeUnmarshaller.convert(TreeUnmarshaller.java:72)
	at com.thoughtworks.xstream.core.AbstractReferenceUnmarshaller.convert(AbstractReferenceUnmarshaller.java:70)
	at com.thoughtworks.xstream.core.TreeUnmarshaller.convertAnother(TreeUnmarshaller.java:66)
	at com.thoughtworks.xstream.core.TreeUnmarshaller.convertAnother(TreeUnmarshaller.java:50)
	at com.thoughtworks.xstream.converters.collections.AbstractCollectionConverter.readItem(AbstractCollectionConverter.java:73)
	at org.apache.jmeter.save.converters.HashTreeConverter.unmarshal(HashTreeConverter.java:67)
	at com.thoughtworks.xstream.core.TreeUnmarshaller.convert(TreeUnmarshaller.java:72)
	at com.thoughtworks.xstream.core.AbstractReferenceUnmarshaller.convert(AbstractReferenceUnmarshaller.java:70)
	at com.thoughtworks.xstream.core.TreeUnmarshaller.convertAnother(TreeUnmarshaller.java:66)
	at com.thoughtworks.xstream.core.TreeUnmarshaller.convertAnother(TreeUnmarshaller.java:50)
	at org.apache.jmeter.save.ScriptWrapperConverter.unmarshal(ScriptWrapperConverter.java:95)
	... 19 more
Caused by: com.thoughtworks.xstream.mapper.CannotResolveClassException: kg.apc.jmeter.vizualizers.CorrectedResultCollector
	at com.thoughtworks.xstream.mapper.DefaultMapper.realClass(DefaultMapper.java:81)
	at com.thoughtworks.xstream.mapper.MapperWrapper.realClass(MapperWrapper.java:30)
	at com.thoughtworks.xstream.mapper.DynamicProxyMapper.realClass(DynamicProxyMapper.java:55)
	at com.thoughtworks.xstream.mapper.MapperWrapper.realClass(MapperWrapper.java:30)
	at com.thoughtworks.xstream.mapper.PackageAliasingMapper.realClass(PackageAliasingMapper.java:88)
	at com.thoughtworks.xstream.mapper.MapperWrapper.realClass(MapperWrapper.java:30)
	at com.thoughtworks.xstream.mapper.ClassAliasingMapper.realClass(ClassAliasingMapper.java:79)
	at com.thoughtworks.xstream.mapper.MapperWrapper.realClass(MapperWrapper.java:30)
	at com.thoughtworks.xstream.mapper.MapperWrapper.realClass(MapperWrapper.java:30)
	at com.thoughtworks.xstream.mapper.MapperWrapper.realClass(MapperWrapper.java:30)
	at com.thoughtworks.xstream.mapper.MapperWrapper.realClass(MapperWrapper.java:30)
	at com.thoughtworks.xstream.mapper.MapperWrapper.realClass(MapperWrapper.java:30)
	at com.thoughtworks.xstream.mapper.MapperWrapper.realClass(MapperWrapper.java:30)
	at com.thoughtworks.xstream.mapper.ArrayMapper.realClass(ArrayMapper.java:74)
	at com.thoughtworks.xstream.mapper.MapperWrapper.realClass(MapperWrapper.java:30)
	at com.thoughtworks.xstream.mapper.MapperWrapper.realClass(MapperWrapper.java:30)
	at com.thoughtworks.xstream.mapper.MapperWrapper.realClass(MapperWrapper.java:30)
	at com.thoughtworks.xstream.mapper.MapperWrapper.realClass(MapperWrapper.java:30)
	at com.thoughtworks.xstream.mapper.MapperWrapper.realClass(MapperWrapper.java:30)
	at com.thoughtworks.xstream.mapper.MapperWrapper.realClass(MapperWrapper.java:30)
	at com.thoughtworks.xstream.mapper.MapperWrapper.realClass(MapperWrapper.java:30)
	at com.thoughtworks.xstream.mapper.SecurityMapper.realClass(SecurityMapper.java:71)
	at com.thoughtworks.xstream.mapper.MapperWrapper.realClass(MapperWrapper.java:30)
	at com.thoughtworks.xstream.mapper.MapperWrapper.realClass(MapperWrapper.java:30)
	at org.apache.jmeter.save.SaveService$XStreamWrapper$1.realClass(SaveService.java:98)
	at com.thoughtworks.xstream.mapper.MapperWrapper.realClass(MapperWrapper.java:30)
	at com.thoughtworks.xstream.mapper.CachingMapper.realClass(CachingMapper.java:47)
	at com.thoughtworks.xstream.core.util.HierarchicalStreams.readClassType(HierarchicalStreams.java:29)
	at com.thoughtworks.xstream.converters.collections.AbstractCollectionConverter.readItem(AbstractCollectionConverter.java:72)
	at org.apache.jmeter.save.converters.HashTreeConverter.unmarshal(HashTreeConverter.java:67)
	at com.thoughtworks.xstream.core.TreeUnmarshaller.convert(TreeUnmarshaller.java:72)
	... 35 more

